300 30000.00 48773.2150710000 0.0623628369 -301032 29999.99312
301 30100.00 48773.2150710000 0.0623628369 -299429 30099.96088
302 30200.00 48773.2150710000 0.0623628369 -297825 30199.99100
303 30300.00 48773.2150710000 0.0623628369 -296222 30299.95876
304 30400.00 48773.2150710000 0.0623628369 -294618 30399.98888
305 30500.00 48773.2150710000 0.0623628369 -293014 30500.01900
306 30600.00 48773.2150710000 0.0623628369 -291411 30599.98675
307 30700.00 48773.2150710000 0.0623628369 -289807 30700.01687
308 30800.00 48773.2150710000 0.0623628369 -288204 30799.98463
309 30900.00 48773.2150710000 0.0623628369 -286600 30900.01474
310 31000.00 48773.2150710000 0.0623628369 -284997 30999.98250
311 31100.00 48773.2150710000 0.0623628369 -283393 31100.01261
312 31200.00 48773.2150710000 0.0623628369 -281790 31199.98036
313 31300.00 48773.2150710000 0.0623628369 -280186 31300.01048
314 31400.00 48773.2150710000 0.0623628369 -278583 31399.97823
315 31500.00 48773.2150710000 0.0623628369 -276979 31500.00834
316 31600.00 48773.2150710000 0.0623628369 -275376 31599.97609
317 31700.00 48773.2150710000 0.0623628369 -273772 31700.00620
318 31800.00 48773.2150710000 0.0623628369 -272169 31799.97395
319 31900.00 48773.2150710000 0.0623628369 -270565 31900.00406
320 32000.00 48773.2150710000 0.0623628369 -268962 31999.97181
321 32100.00 48773.2150710000 0.0623628369 -267358 32100.00191
322 32200.00 48773.2150710000 0.0623628369 -265755 32199.96966
323 32300.00 48773.2150710000 0.0623628369 -264151 32299.99977
324 32400.00 48773.2150710000 0.0623628369 -262548 32399.96751
325 32500.00 48773.2150710000 0.0623628369 -260944 32499.99761
326 32600.00 48773.2150710000 0.0623628369 -259341 32599.96536
327 32700.00 48773.2150710000 0.0623628369 -257737 32699.99546
328 32800.00 48773.2150710000 0.0623628369 -256134 32799.96320
329 32900.00 48773.2150710000 0.0623628369 -254530 32899.99330
330 33000.00 48773.2150710000 0.0623628369 -252927 32999.96104
331 33100.00 48773.2150710000 0.0623628369 -251323 33099.99114
332 33200.00 48773.2150710000 0.0623628369 -249719 33200.02125
333 33300.00 48773.2150710000 0.0623628369 -248116 33299.98898
334 33400.00 48773.2150710000 0.0623628369 -246512 33400.01908
335 33500.00 48773.2150710000 0.0623628369 -244909 33499.98682
336 33600.00 48773.2150710000 0.0623628369 -243305 33600.01691
337 33700.00 48773.2150710000 0.0623628369 -241702 33699.98465
338 33800.00 48773.2150710000 0.0623628369 -240098 33800.01475
339 33900.00 48773.2150710000 0.0623628369 -238495 33899.98248
340 34000.00 48773.2150710000 0.0623628369 -236891 34000.01257
341 34100.00 48773.2150710000 0.0623628369 -235288 34099.98030
342 34200.00 48773.2150710000 0.0623628369 -233684 34200.01040
343 34300.00 48773.2150710000 0.0623628369 -232081 34299.97813
344 34400.00 48773.2150710000 0.0623628369 -230477 34400.00822
345 34500.00 48773.2150710000 0.0623628369 -228874 34499.97595
346 34600.00 48773.2150710000 0.0623628369 -227270 34600.00604
347 34700.00 48773.2150710000 0.0623628369 -225667 34699.97377
348 34800.00 48773.2150710000 0.0623628369 -224063 34800.00386
349 34900.00 48773.2150710000 0.0623628369 -222460 34899.97158
350 35000.00 48773.2150710000 0.0623628369 -220856 35000.00167
351 35100.00 48773.2150710000 0.0623628369 -219253 35099.96939
352 35200.00 48773.2150710000 0.0623628369 -217649 35199.99948
353 35300.00 48773.2150710000 0.0623628369 -216046 35299.96720
354 35400.00 48773.2150710000 0.0623628369 -214442 35399.99729
355 35500.00 48773.2150710000 0.0623628369 -212839 35499.96501
356 35600.00 48773.2150710000 0.0623628369 -211235 35599.99509
357 35700.00 48773.2150710000 0.0623628369 -209632 35699.96281
358 35800.00 48773.2150710000 0.0623628369 -208028 35799.99290
359 35900.00 48773.2150710000 0.0623628369 -206424 35900.02298
360 36000.00 48773.2150710000 0.0623628369 -204821 35999.99070
361 36100.00 48773.2150710000 0.0623628369 -203217 36100.02078
362 36200.00 48773.2150710000 0.0623628369 -201614 36199.98849
363 36300.00 48773.2150710000 0.0623628369 -200010 36300.01857
364 36400.00 48773.2150710000 0.0623628369 -198407 36399.98629
365 36500.00 48773.2150710000 0.0623628369 -196803 36500.01636
366 36600.00 48773.2150710000 0.0623628369 -195200 36599.98408
367 36700.00 48773.2150710000 0.0623628369 -193596 36700.01415
368 36800.00 48773.2150710000 0.0623628369 -191993 36799.98187
369 36900.00 48773.2150710000 0.0623628369 -190389 36900.01194
370 37000.00 48773.2150710000 0.0623628369 -188786 36999.97965
371 37100.00 48773.2150710000 0.0623628369 -187182 37100.00973
372 37200.00 48773.2150710000 0.0623628369 -185579 37199.97744
373 37300.00 48773.2150710000 0.0623628369 -183975 37300.00751
374 37400.00 48773.2150710000 0.0623628369 -182372 37399.97521
375 37500.00 48773.2150710000 0.0623628369 -180768 37500.00529
376 37600.00 48773.2150710000 0.0623628369 -179165 37599.97299
377 37700.00 48773.2150710000 0.0623628369 -177561 37700.00306
378 37800.00 48773.2150710000 0.0623628369 -175958 37799.97077
379 37900.00 48773.2150710000 0.0623628369 -174354 37900.00083
380 38000.00 48773.2150710000 0.0623628369 -172751 37999.96854
381 38100.00 48773.2150710000 0.0623628369 -171147 38099.99860
382 38200.00 48773.2150710000 0.0623628369 -169544 38199.96631
383 38300.00 48773.2150710000 0.0623628369 -167940 38299.99637
384 38400.00 48773.2150710000 0.0623628369 -166336 38400.02643
385 38500.00 48773.2150710000 0.0623628369 -164733 38499.99414
386 38600.00 48773.2150710000 0.0623628369 -163129 38600.02420
387 38700.00 48773.2150710000 0.0623628369 -161526 38699.99190
388 38800.00 48773.2150710000 0.0623628369 -159922 38800.02196
389 38900.00 48773.2150710000 0.0623628369 -158319 38899.98966
390 39000.00 48773.2150710000 0.0623628369 -156715 39000.01972
391 39100.00 48773.2150710000 0.0623628369 -155112 39099.98741
392 39200.00 48773.2150710000 0.0623628369 -153508 39200.01747
393 39300.00 48773.2150710000 0.0623628369 -151905 39299.98516
394 39400.00 48773.2150710000 0.0623628369 -150301 39400.01522
395 39500.00 48773.2150710000 0.0623628369 -148698 39499.98291
396 39600.00 48773.2150710000 0.0623628369 -147094 39600.01297
397 39700.00 48773.2150710000 0.0623628369 -145491 39699.98066
398 39800.00 48773.2150710000 0.0623628369 -143887 39800.01072
399 39900.00 48773.2150710000 0.0623628369 -142284 39899.97841
400 40000.00 48773.2150710000 0.0623628369 -140680 40000.00846
401 40100.00 48773.2150710000 0.0623628369 -139077 40099.97615
402 40200.00 48773.2150710000 0.0623628369 -137473 40200.00620
403 40300.00 48773.2150710000 0.0623628369 -135870 40299.97389
404 40400.00 48773.2150710000 0.0623628369 -134266 40400.00394
405 40500.00 48773.2150710000 0.0623628369 -132663 40499.97162
406 40600.00 48773.2150710000 0.0623628369 -131059 40600.00167
407 40700.00 48773.2150710000 0.0623628369 -129456 40699.96936
408 40800.00 48773.2150710000 0.0623628369 -127852 40799.99940
409 40900.00 48773.2150710000 0.0623628369 -126249 40899.96709
410 41000.00 48773.2150710000 0.0623628369 -124645 40999.99713
411 41100.00 48773.2150710000 0.0623628369 -123041 41100.02718
412 41200.00 48773.2150710000 0.0623628369 -121438 41199.99486
413 41300.00 48773.2150710000 0.0623628369 -119834 41300.02490
414 41400.00 48773.2150710000 0.0623628369 -118231 41399.99258
415 41500.00 48773.2150710000 0.0623628369 -116627 41500.02262
416 41600.00 48773.2150710000 0.0623628369 -115024 41599.99030
417 41700.00 48773.2150710000 0.0623628369 -113420 41700.02034
418 41800.00 48773.2150710000 0.0623628369 -111817 41799.98802
419 41900.00 48773.2150710000 0.0623628369 -110213 41900.01806
420 42000.00 48773.2150710000 0.0623628369 -108610 41999.98574
421 42100.00 48773.2150710000 0.0623628369 -107006 42100.01577
422 42200.00 48773.2150710000 0.0623628369 -105403 42199.98345
423 42300.00 48773.2150710000 0.0623628369 -103799 42300.01348
424 42400.00 48773.2150710000 0.0623628369 -102196 42399.98116
425 42500.00 48773.2150710000 0.0623628369 -100592 42500.01119
426 42600.00 48773.2150710000 0.0623628369 -98989 42599.97886
427 42700.00 48773.2150710000 0.0623628369 -97385 42700.00890
428 42800.00 48773.2150710000 0.0623628369 -95782 42799.97657
429 42900.00 48773.2150710000 0.0623628369 -94178 42900.00660
430 43000.00 48773.2150710000 0.0623628369 -92575 42999.97427
431 43100.00 48773.2150710000 0.0623628369 -90971 43100.00430
432 43200.00 48773.2150710000 0.0623628369 -89368 43199.97197
433 43300.00 48773.2150710000 0.0623628369 -87764 43300.00200
434 43400.00 48773.2150710000 0.0623628369 -86161 43399.96966
435 43500.00 48773.2150710000 0.0623628369 -84557 43499.99969
436 43600.00 48773.2150710000 0.0623628369 -82953 43600.02972
437 43700.00 48773.2150710000 0.0623628369 -81350 43699.99738
438 43800.00 48773.2150710000 0.0623628369 -79746 43800.02741
439 43900.00 48773.2150710000 0.0623628369 -78143 43899.99507
440 44000.00 48773.2150710000 0.0623628369 -76539 44000.02509
441 44100.00 48773.2150710000 0.0623628369 -74936 44099.99275
442 44200.00 48773.2150710000 0.0623628369 -73332 44200.02278
443 44300.00 48773.2150710000 0.0623628369 -71729 44299.99044
444 44400.00 48773.2150710000 0.0623628369 -70125 44400.02046
445 44500.00 48773.2150710000 0.0623628369 -68522 44499.98812
446 44600.00 48773.2150710000 0.0623628369 -66918 44600.01814
447 44700.00 48773.2150710000 0.0623628369 -65315 44699.98579
448 44800.00 48773.2150710000 0.0623628369 -63711 44800.01581
449 44900.00 48773.2150710000 0.0623628369 -62108 44899.98347
450 45000.00 48773.2150710000 0.0623628369 -60504 45000.01348
451 45100.00 48773.2150710000 0.0623628369 -58901 45099.98114
452 45200.00 48773.2150710000 0.0623628369 -57297 45200.01115
453 45300.00 48773.2150710000 0.0623628369 -55694 45299.97881
454 45400.00 48773.2150710000 0.0623628369 -54090 45400.00882
455 45500.00 48773.2150710000 0.0623628369 -52487 45499.97647
456 45600.00 48773.2150710000 0.0623628369 -50883 45600.00649
457 45700.00 48773.2150710000 0.0623628369 -49280 45699.97413
458 45800.00 48773.2150710000 0.0623628369 -47676 45800.00415
459 45900.00 48773.2150710000 0.0623628369 -46073 45899.97179
460 46000.00 48773.2150710000 0.0623628369 -44469 46000.00181
461 46100.00 48773.2150710000 0.0623628369 -42866 46099.96945
462 46200.00 48773.2150710000 0.0623628369 -41262 46199.99946
463 46300.00 48773.2150710000 0.0623628369 -39658 46300.02947
464 46400.00 48773.2150710000 0.0623628369 -38055 46399.99711
465 46500.00 48773.2150710000 0.0623628369 -36451 46500.02712
466 46600.00 48773.2150710000 0.0623628369 -34848 46599.99476
467 46700.00 48773.2150710000 0.0623628369 -33244 46700.02477
468 46800.00 48773.2150710000 0.0623628369 -31641 46799.99241
469 46900.00 48773.2150710000 0.0623628369 -30037 46900.02241
470 47000.00 48773.2150710000 0.0623628369 -28434 46999.99006
471 47100.00 48773.2150710000 0.0623628369 -26830 47100.02006
472 47200.00 48773.2150710000 0.0623628369 -25227 47199.98770
473 47300.00 48773.2150710000 0.0623628369 -23623 47300.01770
474 47400.00 48773.2150710000 0.0623628369 -22020 47399.98534
475 47500.00 48773.2150710000 0.0623628369 -20416 47500.01534
476 47600.00 48773.2150710000 0.0623628369 -18813 47599.98297
477 47700.00 48773.2150710000 0.0623628369 -17209 47700.01297
478 47800.00 48773.2150710000 0.0623628369 -15606 47799.98060
479 47900.00 48773.2150710000 0.0623628369 -14002 47900.01060
480 48000.00 48773.2150710000 0.0623628369 -12399 47999.97824
481 48100.00 48773.2150710000 0.0623628369 -10795 48100.00823
482 48200.00 48773.2150710000 0.0623628369 -9192 48199.97586
483 48300.00 48773.2150710000 0.0623628369 -7588 48300.00586
484 48400.00 48773.2150710000 0.0623628369 -5985 48399.97349
485 48500.00 48773.2150710000 0.0623628369 -4381 48500.00348
486 48600.00 48773.2150710000 0.0623628369 -2778 48599.97111
487 48700.00 48773.2150710000 0.0623628369 -1174 48700.00110
488 48800.00 48773.2150710000 0.0623628369 430 48800.03109
489 48900.00 48773.2150710000 0.0623628369 2033 48899.99872
490 49000.00 48773.2150710000 0.0623628369 3637 49000.02871
491 49100.00 48773.2150710000 0.0623628369 5240 49099.99633
492 49200.00 48773.2150710000 0.0623628369 6844 49200.02632
493 49300.00 48773.2150710000 0.0623628369 8447 49299.99394
494 49400.00 48773.2150710000 0.0623628369 10051 49400.02393
495 49500.00 48773.2150710000 0.0623628369 11654 49499.99155
496 49600.00 48773.2150710000 0.0623628369 13258 49600.02154
497 49700.00 48773.2150710000 0.0623628369 14861 49699.98916
498 49800.00 48773.2150710000 0.0623628369 16465 49800.01914
499 49900.00 48773.2150710000 0.0623628369 18068 49899.98676
500 50000.00 48773.2150710000 0.0623628369 19672 50000.01675
501 50100.00 48773.2150710000 0.0623628369 21275 50099.98436
502 50200.00 48773.2150710000 0.0623628369 22879 50200.01434
503 50300.00 48773.2150710000 0.0623628369 24482 50299.98196
504 50400.00 48773.2150710000 0.0623628369 26086 50400.01194
505 50500.00 48773.2150710000 0.0623628369 27689 50499.97956
506 50600.00 48773.2150710000 0.0623628369 29293 50600.00953
507 50700.00 48773.2150710000 0.0623628369 30896 50699.97715
508 50800.00 48773.2150710000 0.0623628369 32500 50800.00713
509 50900.00 48773.2150710000 0.0623628369 34103 50899.97474
510 51000.00 48773.2150710000 0.0623628369 35707 51000.00471
511 51100.00 48773.2150710000 0.0623628369 37310 51099.97233
512 51200.00 48773.2150710000 0.0623628369 38914 51200.00230
513 51300.00 48773.2150710000 0.0623628369 40517 51299.96991
514 51400.00 48773.2150710000 0.0623628369 42121 51399.99988
515 51500.00 48773.2150710000 0.0623628369 43725 51500.02985
516 51600.00 48773.2150710000 0.0623628369 45328 51599.99746
517 51700.00 48773.2150710000 0.0623628369 46932 51700.02743
518 51800.00 48773.2150710000 0.0623628369 48535 51799.99504
519 51900.00 48773.2150710000 0.0623628369 50139 51900.02501
520 52000.00 48773.2150710000 0.0623628369 51742 51999.99261
521 52100.00 48773.2150710000 0.0623628369 53346 52100.02258
522 52200.00 48773.2150710000 0.0623628369 54949 52199.99018
523 52300.00 48773.2150710000 0.0623628369 56553 52300.02015
524 52400.00 48773.2150710000 0.0623628369 58156 52399.98775
525 52500.00 48773.2150710000 0.0623628369 59760 52500.01771
526 52600.00 48773.2150710000 0.0623628369 61363 52599.98532
527 52700.00 48773.2150710000 0.0623628369 62967 52700.01528
528 52800.00 48773.2150710000 0.0623628369 64570 52799.98288
529 52900.00 48773.2150710000 0.0623628369 66174 52900.01284
530 53000.00 48773.2150710000 0.0623628369 67777 52999.98044
531 53100.00 48773.2150710000 0.0623628369 69381 53100.01040
532 53200.00 48773.2150710000 0.0623628369 70984 53199.97799
533 53300.00 48773.2150710000 0.0623628369 72588 53300.00795
534 53400.00 48773.2150710000 0.0623628369 74191 53399.97555
535 53500.00 48773.2150710000 0.0623628369 75795 53500.00551
536 53600.00 48773.2150710000 0.0623628369 77398 53599.97310
537 53700.00 48773.2150710000 0.0623628369 79002 53700.00306
538 53800.00 48773.2150710000 0.0623628369 80605 53799.97065
539 53900.00 48773.2150710000 0.0623628369 82209 53900.00060
540 54000.00 48773.2150710000 0.0623628369 83812 53999.96819
541 54100.00 48773.2150710000 0.0623628369 85416 54099.99815
542 54200.00 48773.2150710000 0.0623628369 87020 54200.02810
543 54300.00 48773.2150710000 0.0623628369 88623 54299.99569
544 54400.00 48773.2150710000 0.0623628369 90227 54400.02564
545 54500.00 48773.2150710000 0.0623628369 91830 54499.99323
546 54600.00 48773.2150710000 0.0623628369 93434 54600.02318
547 54700.00 48773.2150710000 0.0623628369 95037 54699.99076
548 54800.00 48773.2150710000 0.0623628369 96641 54800.02071
549 54900.00 48773.2150710000 0.0623628369 98244 54899.98830
550 55000.00 48773.2150710000 0.0623628369 99848 55000.01824
551 55100.00 48773.2150710000 0.0623628369 101451 55099.98583
552 55200.00 48773.2150710000 0.0623628369 103055 55200.01577
553 55300.00 48773.2150710000 0.0623628369 104658 55299.98335
554 55400.00 48773.2150710000 0.0623628369 106262 55400.01330
555 55500.00 48773.2150710000 0.0623628369 107865 55499.98088
556 55600.00 48773.2150710000 0.0623628369 109469 55600.01082
557 55700.00 48773.2150710000 0.0623628369 111072 55699.97840
558 55800.00 48773.2150710000 0.0623628369 112676 55800.00834
559 55900.00 48773.2150710000 0.0623628369 114279 55899.97592
560 56000.00 48773.2150710000 0.0623628369 115883 56000.00586
561 56100.00 48773.2150710000 0.0623628369 117486 56099.97343
562 56200.00 48773.2150710000 0.0623628369 119090 56200.00337
563 56300.00 48773.2150710000 0.0623628369 120693 56299.97095
564 56400.00 48773.2150710000 0.0623628369 122297 56400.00088
565 56500.00 48773.2150710000 0.0623628369 123900 56499.96846
566 56600.00 48773.2150710000 0.0623628369 125504 56599.99839
567 56700.00 48773.2150710000 0.0623628369 127108 56700.02833
568 56800.00 48773.2150710000 0.0623628369 128711 56799.99590
569 56900.00 48773.2150710000 0.0623628369 130315 56900.02583
570 57000.00 48773.2150710000 0.0623628369 131918 56999.99340
571 57100.00 48773.2150710000 0.0623628369 133522 57100.02333
572 57200.00 48773.2150710000 0.0623628369 135125 57199.99090
573 57300.00 48773.2150710000 0.0623628369 136729 57300.02083
574 57400.00 48773.2150710000 0.0623628369 138332 57399.98840
575 57500.00 48773.2150710000 0.0623628369 139936 57500.01833
576 57600.00 48773.2150710000 0.0623628369 141539 57599.98590
577 57700.00 48773.2150710000 0.0623628369 143143 57700.01582
578 57800.00 48773.2150710000 0.0623628369 144746 57799.98339
579 57900.00 48773.2150710000 0.0623628369 146350 57900.01331
580 58000.00 48773.2150710000 0.0623628369 147953 57999.98088
581 58100.00 48773.2150710000 0.0623628369 149557 58100.01080
582 58200.00 48773.2150710000 0.0623628369 151160 58199.97836
583 58300.00 48773.2150710000 0.0623628369 152764 58300.00829
584 58400.00 48773.2150710000 0.0623628369 154367 58399.97585
585 58500.00 48773.2150710000 0.0623628369 155971 58500.00577
586 58600.00 48773.2150710000 0.0623628369 157574 58599.97333
587 58700.00 48773.2150710000 0.0623628369 159178 58700.00325
588 58800.00 48773.2150710000 0.0623628369 160781 58799.97081
589 58900.00 48773.2150710000 0.0623628369 162385 58900.00072
590 59000.00 48773.2150710000 0.0623628369 163988 58999.96828
591 59100.00 48773.2150710000 0.0623628369 165592 59099.99820
592 59200.00 48773.2150710000 0.0623628369 167195 59199.96575
593 59300.00 48773.2150710000 0.0623628369 168799 59299.99567
594 59400.00 48773.2150710000 0.0623628369 170403 59400.02559
595 59500.00 48773.2150710000 0.0623628369 172006 59499.99314
596 59600.00 48773.2150710000 0.0623628369 173610 59600.02305
597 59700.00 48773.2150710000 0.0623628369 175213 59699.99060
598 59800.00 48773.2150710000 0.0623628369 176817 59800.02052
599 59900.00 48773.2150710000 0.0623628369 178420 59899.98806
600 60000.00 48773.2150710000 0.0623628369 180024 60000.01798
601 60100.00 48773.2150710000 0.0623628369 181627 60099.98552
602 60200.00 48773.2150710000 0.0623628369 183231 60200.01543
603 60300.00 48773.2150710000 0.0623628369 184834 60299.98298
604 60400.00 48773.2150710000 0.0623628369 186438 60400.01289
605 60500.00 48773.2150710000 0.0623628369 188041 60499.98044
606 60600.00 48773.2150710000 0.0623628369 189645 60600.01034
607 60700.00 48773.2150710000 0.0623628369 191248 60699.97789
608 60800.00 48773.2150710000 0.0623628369 192852 60800.00779
609 60900.00 48773.2150710000 0.0623628369 194455 60899.97533
610 61000.00 48773.2150710000 0.0623628369 196059 61000.00524
611 61100.00 48773.2150710000 0.0623628369 197662 61099.97278
612 61200.00 48773.2150710000 0.0623628369 199266 61200.00268
613 61300.00 48773.2150710000 0.0623628369 200869 61299.97022
614 61400.00 48773.2150710000 0.0623628369 202473 61400.00012
615 61500.00 48773.2150710000 0.0623628369 204076 61499.96766
616 61600.00 48773.2150710000 0.0623628369 205680 61599.99756
617 61700.00 48773.2150710000 0.0623628369 207283 61699.96510
618 61800.00 48773.2150710000 0.0623628369 208887 61799.99500
619 61900.00 48773.2150710000 0.0623628369 210491 61900.02490
620 62000.00 48773.2150710000 0.0623628369 212094 61999.99243
621 62100.00 48773.2150710000 0.0623628369 213698 62100.02233
622 62200.00 48773.2150710000 0.0623628369 215301 62199.98986
623 62300.00 48773.2150710000 0.0623628369 216905 62300.01976
624 62400.00 48773.2150710000 0.0623628369 218508 62399.98729
625 62500.00 48773.2150710000 0.0623628369 220112 62500.01718
626 62600.00 48773.2150710000 0.0623628369 221715 62599.98471
627 62700.00 48773.2150710000 0.0623628369 223319 62700.01460
628 62800.00 48773.2150710000 0.0623628369 224922 62799.98213
629 62900.00 48773.2150710000 0.0623628369 226526 62900.01202
630 63000.00 48773.2150710000 0.0623628369 228129 62999.97955
631 63100.00 48773.2150710000 0.0623628369 229733 63100.00944
632 63200.00 48773.2150710000 0.0623628369 231336 63199.97697
633 63300.00 48773.2150710000 0.0623628369 232940 63300.00686
634 63400.00 48773.2150710000 0.0623628369 234543 63399.97438
635 63500.00 48773.2150710000 0.0623628369 236147 63500.00427
636 63600.00 48773.2150710000 0.0623628369 237750 63599.97179
637 63700.00 48773.2150710000 0.0623628369 239354 63700.00168
638 63800.00 48773.2150710000 0.0623628369 240957 63799.96920
639 63900.00 48773.2150710000 0.0623628369 242561 63899.99908
640 64000.00 48773.2150710000 0.0623628369 244164 63999.96660
641 64100.00 48773.2150710000 0.0623628369 245768 64099.99649
642 64200.00 48773.2150710000 0.0623628369 247371 64199.96400
643 64300.00 48773.2150710000 0.0623628369 248975 64299.99389
644 64400.00 48773.2150710000 0.0623628369 250578 64399.96140
645 64500.00 48773.2150710000 0.0623628369 252182 64499.99128
646 64600.00 48773.2150710000 0.0623628369 253786 64600.02116
647 64700.00 48773.2150710000 0.0623628369 255389 64699.98868
648 64800.00 48773.2150710000 0.0623628369 256993 64800.01856
649 64900.00 48773.2150710000 0.0623628369 258596 64899.98607
650 65000.00 48773.2150710000 0.0623628369 260200 65000.01595
651 65100.00 48773.2150710000 0.0623628369 261803 65099.98346
652 65200.00 48773.2150710000 0.0623628369 263407 65200.01333
653 65300.00 48773.2150710000 0.0623628369 265010 65299.98085
654 65400.00 48773.2150710000 0.0623628369 266614 65400.01072
655 65500.00 48773.2150710000 0.0623628369 268217 65499.97823
656 65600.00 48773.2150710000 0.0623628369 269821 65600.00810
657 65700.00 48773.2150710000 0.0623628369 271424 65699.97561
658 65800.00 48773.2150710000 0.0623628369 273028 65800.00548
659 65900.00 48773.2150710000 0.0623628369 274631 65899.97299
660 66000.00 48773.2150710000 0.0623628369 276235 66000.00286
661 66100.00 48773.2150710000 0.0623628369 277838 66099.97036
662 66200.00 48773.2150710000 0.0623628369 279442 66200.00023
663 66300.00 48773.2150710000 0.0623628369 281045 66299.96773
664 66400.00 48773.2150710000 0.0623628369 282649 66399.99760
665 66500.00 48773.2150710000 0.0623628369 284252 66499.96510
666 66600.00 48773.2150710000 0.0623628369 285856 66599.99497
667 66700.00 48773.2150710000 0.0623628369 287459 66699.96247
668 66800.00 48773.2150710000 0.0623628369 289063 66799.99233
669 66900.00 48773.2150710000 0.0623628369 290666 66899.95983
670 67000.00 48773.2150710000 0.0623628369 292270 66999.98969
671 67100.00 48773.2150710000 0.0623628369 293873 67099.95719
672 67200.00 48773.2150710000 0.0623628369 295477 67199.98705
673 67300.00 48773.2150710000 0.0623628369 297081 67300.01691
674 67400.00 48773.2150710000 0.0623628369 298684 67399.98441
675 67500.00 48773.2150710000 0.0623628369 300288 67500.01427
676 67600.00 48773.2150710000 0.0623628369 301891 67599.98176
677 67700.00 48773.2150710000 0.0623628369 303495 67700.01162
678 67800.00 48773.2150710000 0.0623628369 305098 67799.97912
679 67900.00 48773.2150710000 0.0623628369 306702 67900.00897
680 68000.00 48773.2150710000 0.0623628369 308305 67999.97646
681 68100.00 48773.2150710000 0.0623628369 309909 68100.00632
682 68200.00 48773.2150710000 0.0623628369 311512 68199.97381
683 68300.00 48773.2150710000 0.0623628369 313116 68300.00366
684 68400.00 48773.2150710000 0.0623628369 314719 68399.97115
685 68500.00 48773.2150710000 0.0623628369 316323 68500.00100
686 68600.00 48773.2150710000 0.0623628369 317926 68599.96849
687 68700.00 48773.2150710000 0.0623628369 319530 68699.99834
688 68800.00 48773.2150710000 0.0623628369 321133 68799.96583
689 68900.00 48773.2150710000 0.0623628369 322737 68899.99568
690 69000.00 48773.2150710000 0.0623628369 324340 68999.96316
691 69100.00 48773.2150710000 0.0623628369 325944 69099.99301
692 69200.00 48773.2150710000 0.0623628369 327547 69199.96049
693 69300.00 48773.2150710000 0.0623628369 329151 69299.99034
694 69400.00 48773.2150710000 0.0623628369 330754 69399.95782
695 69500.00 48773.2150710000 0.0623628369 332358 69499.98767
696 69600.00 48773.2150710000 0.0623628369 333961 69599.95515
697 69700.00 48773.2150710000 0.0623628369 335565 69699.98499
698 69800.00 48773.2150710000 0.0623628369 337169 69800.01483
699 69900.00 48773.2150710000 0.0623628369 338772 69899.98231
