300 48773.2150710000 0.0623628369 -301032 30000.00000 29999.99312
301 48773.2150710000 0.0623628369 -299429 30100.00000 30099.96088
302 48773.2150710000 0.0623628369 -297825 30200.00000 30199.99100
303 48773.2150710000 0.0623628369 -296222 30300.00000 30299.95876
304 48773.2150710000 0.0623628369 -294618 30400.00000 30399.98888
305 48773.2150710000 0.0623628369 -293014 30500.00000 30500.01900
306 48773.2150710000 0.0623628369 -291411 30600.00000 30599.98675
307 48773.2150710000 0.0623628369 -289807 30700.00000 30700.01687
308 48773.2150710000 0.0623628369 -288204 30800.00000 30799.98463
309 48773.2150710000 0.0623628369 -286600 30900.00000 30900.01474
310 48773.2150710000 0.0623628369 -284997 31000.00000 30999.98250
311 48773.2150710000 0.0623628369 -283393 31100.00000 31100.01261
312 48773.2150710000 0.0623628369 -281790 31200.00000 31199.98036
313 48773.2150710000 0.0623628369 -280186 31300.00000 31300.01048
314 48773.2150710000 0.0623628369 -278583 31400.00000 31399.97823
315 48773.2150710000 0.0623628369 -276979 31500.00000 31500.00834
316 48773.2150710000 0.0623628369 -275376 31600.00000 31599.97609
317 48773.2150710000 0.0623628369 -273772 31700.00000 31700.00620
318 48773.2150710000 0.0623628369 -272169 31800.00000 31799.97395
319 48773.2150710000 0.0623628369 -270565 31900.00000 31900.00406
320 48773.2150710000 0.0623628369 -268962 32000.00000 31999.97181
321 48773.2150710000 0.0623628369 -267358 32100.00000 32100.00191
322 48773.2150710000 0.0623628369 -265755 32200.00000 32199.96966
323 48773.2150710000 0.0623628369 -264151 32300.00000 32299.99977
324 48773.2150710000 0.0623628369 -262548 32400.00000 32399.96751
325 48773.2150710000 0.0623628369 -260944 32500.00000 32499.99761
326 48773.2150710000 0.0623628369 -259341 32600.00000 32599.96536
327 48773.2150710000 0.0623628369 -257737 32700.00000 32699.99546
328 48773.2150710000 0.0623628369 -256134 32800.00000 32799.96320
329 48773.2150710000 0.0623628369 -254530 32900.00000 32899.99330
330 48773.2150710000 0.0623628369 -252927 33000.00000 32999.96104
331 48773.2150710000 0.0623628369 -251323 33100.00000 33099.99114
332 48773.2150710000 0.0623628369 -249719 33200.00000 33200.02125
333 48773.2150710000 0.0623628369 -248116 33300.00000 33299.98898
334 48773.2150710000 0.0623628369 -246512 33400.00000 33400.01908
335 48773.2150710000 0.0623628369 -244909 33500.00000 33499.98682
336 48773.2150710000 0.0623628369 -243305 33600.00000 33600.01691
337 48773.2150710000 0.0623628369 -241702 33700.00000 33699.98465
338 48773.2150710000 0.0623628369 -240098 33800.00000 33800.01475
339 48773.2150710000 0.0623628369 -238495 33900.00000 33899.98248
340 48773.2150710000 0.0623628369 -236891 34000.00000 34000.01257
341 48773.2150710000 0.0623628369 -235288 34100.00000 34099.98030
342 48773.2150710000 0.0623628369 -233684 34200.00000 34200.01040
343 48773.2150710000 0.0623628369 -232081 34300.00000 34299.97813
344 48773.2150710000 0.0623628369 -230477 34400.00000 34400.00822
345 48773.2150710000 0.0623628369 -228874 34500.00000 34499.97595
346 48773.2150710000 0.0623628369 -227270 34600.00000 34600.00604
347 48773.2150710000 0.0623628369 -225667 34700.00000 34699.97377
348 48773.2150710000 0.0623628369 -224063 34800.00000 34800.00386
349 48773.2150710000 0.0623628369 -222460 34900.00000 34899.97158
350 48773.2150710000 0.0623628369 -220856 35000.00000 35000.00167
351 48773.2150710000 0.0623628369 -219253 35100.00000 35099.96939
352 48773.2150710000 0.0623628369 -217649 35200.00000 35199.99948
353 48773.2150710000 0.0623628369 -216046 35300.00000 35299.96720
354 48773.2150710000 0.0623628369 -214442 35400.00000 35399.99729
355 48773.2150710000 0.0623628369 -212839 35500.00000 35499.96501
356 48773.2150710000 0.0623628369 -211235 35600.00000 35599.99509
357 48773.2150710000 0.0623628369 -209632 35700.00000 35699.96281
358 48773.2150710000 0.0623628369 -208028 35800.00000 35799.99290
359 48773.2150710000 0.0623628369 -206424 35900.00000 35900.02298
360 48773.2150710000 0.0623628369 -204821 36000.00000 35999.99070
361 48773.2150710000 0.0623628369 -203217 36100.00000 36100.02078
362 48773.2150710000 0.0623628369 -201614 36200.00000 36199.98849
363 48773.2150710000 0.0623628369 -200010 36300.00000 36300.01857
364 48773.2150710000 0.0623628369 -198407 36400.00000 36399.98629
365 48773.2150710000 0.0623628369 -196803 36500.00000 36500.01636
366 48773.2150710000 0.0623628369 -195200 36600.00000 36599.98408
367 48773.2150710000 0.0623628369 -193596 36700.00000 36700.01415
368 48773.2150710000 0.0623628369 -191993 36800.00000 36799.98187
369 48773.2150710000 0.0623628369 -190389 36900.00000 36900.01194
370 48773.2150710000 0.0623628369 -188786 37000.00000 36999.97965
371 48773.2150710000 0.0623628369 -187182 37100.00000 37100.00973
372 48773.2150710000 0.0623628369 -185579 37200.00000 37199.97744
373 48773.2150710000 0.0623628369 -183975 37300.00000 37300.00751
374 48773.2150710000 0.0623628369 -182372 37400.00000 37399.97521
375 48773.2150710000 0.0623628369 -180768 37500.00000 37500.00529
376 48773.2150710000 0.0623628369 -179165 37600.00000 37599.97299
377 48773.2150710000 0.0623628369 -177561 37700.00000 37700.00306
378 48773.2150710000 0.0623628369 -175958 37800.00000 37799.97077
379 48773.2150710000 0.0623628369 -174354 37900.00000 37900.00083
380 48773.2150710000 0.0623628369 -172751 38000.00000 37999.96854
381 48773.2150710000 0.0623628369 -171147 38100.00000 38099.99860
382 48773.2150710000 0.0623628369 -169544 38200.00000 38199.96631
383 48773.2150710000 0.0623628369 -167940 38300.00000 38299.99637
384 48773.2150710000 0.0623628369 -166336 38400.00000 38400.02643
385 48773.2150710000 0.0623628369 -164733 38500.00000 38499.99414
386 48773.2150710000 0.0623628369 -163129 38600.00000 38600.02420
387 48773.2150710000 0.0623628369 -161526 38700.00000 38699.99190
388 48773.2150710000 0.0623628369 -159922 38800.00000 38800.02196
389 48773.2150710000 0.0623628369 -158319 38900.00000 38899.98966
390 48773.2150710000 0.0623628369 -156715 39000.00000 39000.01972
391 48773.2150710000 0.0623628369 -155112 39100.00000 39099.98741
392 48773.2150710000 0.0623628369 -153508 39200.00000 39200.01747
393 48773.2150710000 0.0623628369 -151905 39300.00000 39299.98516
394 48773.2150710000 0.0623628369 -150301 39400.00000 39400.01522
395 48773.2150710000 0.0623628369 -148698 39500.00000 39499.98291
396 48773.2150710000 0.0623628369 -147094 39600.00000 39600.01297
397 48773.2150710000 0.0623628369 -145491 39700.00000 39699.98066
398 48773.2150710000 0.0623628369 -143887 39800.00000 39800.01072
399 48773.2150710000 0.0623628369 -142284 39900.00000 39899.97841
400 48773.2150710000 0.0623628369 -140680 40000.00000 40000.00846
401 48773.2150710000 0.0623628369 -139077 40100.00000 40099.97615
402 48773.2150710000 0.0623628369 -137473 40200.00000 40200.00620
403 48773.2150710000 0.0623628369 -135870 40300.00000 40299.97389
404 48773.2150710000 0.0623628369 -134266 40400.00000 40400.00394
405 48773.2150710000 0.0623628369 -132663 40500.00000 40499.97162
406 48773.2150710000 0.0623628369 -131059 40600.00000 40600.00167
407 48773.2150710000 0.0623628369 -129456 40700.00000 40699.96936
408 48773.2150710000 0.0623628369 -127852 40800.00000 40799.99940
409 48773.2150710000 0.0623628369 -126249 40900.00000 40899.96709
410 48773.2150710000 0.0623628369 -124645 41000.00000 40999.99713
411 48773.2150710000 0.0623628369 -123041 41100.00000 41100.02718
412 48773.2150710000 0.0623628369 -121438 41200.00000 41199.99486
413 48773.2150710000 0.0623628369 -119834 41300.00000 41300.02490
414 48773.2150710000 0.0623628369 -118231 41400.00000 41399.99258
415 48773.2150710000 0.0623628369 -116627 41500.00000 41500.02262
416 48773.2150710000 0.0623628369 -115024 41600.00000 41599.99030
417 48773.2150710000 0.0623628369 -113420 41700.00000 41700.02034
418 48773.2150710000 0.0623628369 -111817 41800.00000 41799.98802
419 48773.2150710000 0.0623628369 -110213 41900.00000 41900.01806
420 48773.2150710000 0.0623628369 -108610 42000.00000 41999.98574
421 48773.2150710000 0.0623628369 -107006 42100.00000 42100.01577
422 48773.2150710000 0.0623628369 -105403 42200.00000 42199.98345
423 48773.2150710000 0.0623628369 -103799 42300.00000 42300.01348
424 48773.2150710000 0.0623628369 -102196 42400.00000 42399.98116
425 48773.2150710000 0.0623628369 -100592 42500.00000 42500.01119
426 48773.2150710000 0.0623628369 -98989 42600.00000 42599.97886
427 48773.2150710000 0.0623628369 -97385 42700.00000 42700.00890
428 48773.2150710000 0.0623628369 -95782 42800.00000 42799.97657
429 48773.2150710000 0.0623628369 -94178 42900.00000 42900.00660
430 48773.2150710000 0.0623628369 -92575 43000.00000 42999.97427
431 48773.2150710000 0.0623628369 -90971 43100.00000 43100.00430
432 48773.2150710000 0.0623628369 -89368 43200.00000 43199.97197
433 48773.2150710000 0.0623628369 -87764 43300.00000 43300.00200
434 48773.2150710000 0.0623628369 -86161 43400.00000 43399.96966
435 48773.2150710000 0.0623628369 -84557 43500.00000 43499.99969
436 48773.2150710000 0.0623628369 -82953 43600.00000 43600.02972
437 48773.2150710000 0.0623628369 -81350 43700.00000 43699.99738
438 48773.2150710000 0.0623628369 -79746 43800.00000 43800.02741
439 48773.2150710000 0.0623628369 -78143 43900.00000 43899.99507
440 48773.2150710000 0.0623628369 -76539 44000.00000 44000.02509
441 48773.2150710000 0.0623628369 -74936 44100.00000 44099.99275
442 48773.2150710000 0.0623628369 -73332 44200.00000 44200.02278
443 48773.2150710000 0.0623628369 -71729 44300.00000 44299.99044
444 48773.2150710000 0.0623628369 -70125 44400.00000 44400.02046
445 48773.2150710000 0.0623628369 -68522 44500.00000 44499.98812
446 48773.2150710000 0.0623628369 -66918 44600.00000 44600.01814
447 48773.2150710000 0.0623628369 -65315 44700.00000 44699.98579
448 48773.2150710000 0.0623628369 -63711 44800.00000 44800.01581
449 48773.2150710000 0.0623628369 -62108 44900.00000 44899.98347
450 48773.2150710000 0.0623628369 -60504 45000.00000 45000.01348
451 48773.2150710000 0.0623628369 -58901 45100.00000 45099.98114
452 48773.2150710000 0.0623628369 -57297 45200.00000 45200.01115
453 48773.2150710000 0.0623628369 -55694 45300.00000 45299.97881
454 48773.2150710000 0.0623628369 -54090 45400.00000 45400.00882
455 48773.2150710000 0.0623628369 -52487 45500.00000 45499.97647
456 48773.2150710000 0.0623628369 -50883 45600.00000 45600.00649
457 48773.2150710000 0.0623628369 -49280 45700.00000 45699.97413
458 48773.2150710000 0.0623628369 -47676 45800.00000 45800.00415
459 48773.2150710000 0.0623628369 -46073 45900.00000 45899.97179
460 48773.2150710000 0.0623628369 -44469 46000.00000 46000.00181
461 48773.2150710000 0.0623628369 -42866 46100.00000 46099.96945
462 48773.2150710000 0.0623628369 -41262 46200.00000 46199.99946
463 48773.2150710000 0.0623628369 -39658 46300.00000 46300.02947
464 48773.2150710000 0.0623628369 -38055 46400.00000 46399.99711
465 48773.2150710000 0.0623628369 -36451 46500.00000 46500.02712
466 48773.2150710000 0.0623628369 -34848 46600.00000 46599.99476
467 48773.2150710000 0.0623628369 -33244 46700.00000 46700.02477
468 48773.2150710000 0.0623628369 -31641 46800.00000 46799.99241
469 48773.2150710000 0.0623628369 -30037 46900.00000 46900.02241
470 48773.2150710000 0.0623628369 -28434 47000.00000 46999.99006
471 48773.2150710000 0.0623628369 -26830 47100.00000 47100.02006
472 48773.2150710000 0.0623628369 -25227 47200.00000 47199.98770
473 48773.2150710000 0.0623628369 -23623 47300.00000 47300.01770
474 48773.2150710000 0.0623628369 -22020 47400.00000 47399.98534
475 48773.2150710000 0.0623628369 -20416 47500.00000 47500.01534
476 48773.2150710000 0.0623628369 -18813 47600.00000 47599.98297
477 48773.2150710000 0.0623628369 -17209 47700.00000 47700.01297
478 48773.2150710000 0.0623628369 -15606 47800.00000 47799.98060
479 48773.2150710000 0.0623628369 -14002 47900.00000 47900.01060
480 48773.2150710000 0.0623628369 -12399 48000.00000 47999.97824
481 48773.2150710000 0.0623628369 -10795 48100.00000 48100.00823
482 48773.2150710000 0.0623628369 -9192 48200.00000 48199.97586
483 48773.2150710000 0.0623628369 -7588 48300.00000 48300.00586
484 48773.2150710000 0.0623628369 -5985 48400.00000 48399.97349
485 48773.2150710000 0.0623628369 -4381 48500.00000 48500.00348
486 48773.2150710000 0.0623628369 -2778 48600.00000 48599.97111
487 48773.2150710000 0.0623628369 -1174 48700.00000 48700.00110
488 48773.2150710000 0.0623628369 430 48800.00000 48800.03109
489 48773.2150710000 0.0623628369 2033 48900.00000 48899.99872
490 48773.2150710000 0.0623628369 3637 49000.00000 49000.02871
491 48773.2150710000 0.0623628369 5240 49100.00000 49099.99633
492 48773.2150710000 0.0623628369 6844 49200.00000 49200.02632
493 48773.2150710000 0.0623628369 8447 49300.00000 49299.99394
494 48773.2150710000 0.0623628369 10051 49400.00000 49400.02393
495 48773.2150710000 0.0623628369 11654 49500.00000 49499.99155
496 48773.2150710000 0.0623628369 13258 49600.00000 49600.02154
497 48773.2150710000 0.0623628369 14861 49700.00000 49699.98916
498 48773.2150710000 0.0623628369 16465 49800.00000 49800.01914
499 48773.2150710000 0.0623628369 18068 49900.00000 49899.98676
500 48773.2150710000 0.0623628369 19672 50000.00000 50000.01675
501 48773.2150710000 0.0623628369 21275 50100.00000 50099.98436
502 48773.2150710000 0.0623628369 22879 50200.00000 50200.01434
503 48773.2150710000 0.0623628369 24482 50300.00000 50299.98196
504 48773.2150710000 0.0623628369 26086 50400.00000 50400.01194
505 48773.2150710000 0.0623628369 27689 50500.00000 50499.97956
506 48773.2150710000 0.0623628369 29293 50600.00000 50600.00953
507 48773.2150710000 0.0623628369 30896 50700.00000 50699.97715
508 48773.2150710000 0.0623628369 32500 50800.00000 50800.00713
509 48773.2150710000 0.0623628369 34103 50900.00000 50899.97474
510 48773.2150710000 0.0623628369 35707 51000.00000 51000.00471
511 48773.2150710000 0.0623628369 37310 51100.00000 51099.97233
512 48773.2150710000 0.0623628369 38914 51200.00000 51200.00230
513 48773.2150710000 0.0623628369 40517 51300.00000 51299.96991
514 48773.2150710000 0.0623628369 42121 51400.00000 51399.99988
515 48773.2150710000 0.0623628369 43725 51500.00000 51500.02985
516 48773.2150710000 0.0623628369 45328 51600.00000 51599.99746
517 48773.2150710000 0.0623628369 46932 51700.00000 51700.02743
518 48773.2150710000 0.0623628369 48535 51800.00000 51799.99504
519 48773.2150710000 0.0623628369 50139 51900.00000 51900.02501
520 48773.2150710000 0.0623628369 51742 52000.00000 51999.99261
521 48773.2150710000 0.0623628369 53346 52100.00000 52100.02258
522 48773.2150710000 0.0623628369 54949 52200.00000 52199.99018
523 48773.2150710000 0.0623628369 56553 52300.00000 52300.02015
524 48773.2150710000 0.0623628369 58156 52400.00000 52399.98775
525 48773.2150710000 0.0623628369 59760 52500.00000 52500.01771
526 48773.2150710000 0.0623628369 61363 52600.00000 52599.98532
527 48773.2150710000 0.0623628369 62967 52700.00000 52700.01528
528 48773.2150710000 0.0623628369 64570 52800.00000 52799.98288
529 48773.2150710000 0.0623628369 66174 52900.00000 52900.01284
530 48773.2150710000 0.0623628369 67777 53000.00000 52999.98044
531 48773.2150710000 0.0623628369 69381 53100.00000 53100.01040
532 48773.2150710000 0.0623628369 70984 53200.00000 53199.97799
533 48773.2150710000 0.0623628369 72588 53300.00000 53300.00795
534 48773.2150710000 0.0623628369 74191 53400.00000 53399.97555
535 48773.2150710000 0.0623628369 75795 53500.00000 53500.00551
536 48773.2150710000 0.0623628369 77398 53600.00000 53599.97310
537 48773.2150710000 0.0623628369 79002 53700.00000 53700.00306
538 48773.2150710000 0.0623628369 80605 53800.00000 53799.97065
539 48773.2150710000 0.0623628369 82209 53900.00000 53900.00060
540 48773.2150710000 0.0623628369 83812 54000.00000 53999.96819
541 48773.2150710000 0.0623628369 85416 54100.00000 54099.99815
542 48773.2150710000 0.0623628369 87020 54200.00000 54200.02810
543 48773.2150710000 0.0623628369 88623 54300.00000 54299.99569
544 48773.2150710000 0.0623628369 90227 54400.00000 54400.02564
545 48773.2150710000 0.0623628369 91830 54500.00000 54499.99323
546 48773.2150710000 0.0623628369 93434 54600.00000 54600.02318
547 48773.2150710000 0.0623628369 95037 54700.00000 54699.99076
548 48773.2150710000 0.0623628369 96641 54800.00000 54800.02071
549 48773.2150710000 0.0623628369 98244 54900.00000 54899.98830
550 48773.2150710000 0.0623628369 99848 55000.00000 55000.01824
551 48773.2150710000 0.0623628369 101451 55100.00000 55099.98583
552 48773.2150710000 0.0623628369 103055 55200.00000 55200.01577
553 48773.2150710000 0.0623628369 104658 55300.00000 55299.98335
554 48773.2150710000 0.0623628369 106262 55400.00000 55400.01330
555 48773.2150710000 0.0623628369 107865 55500.00000 55499.98088
556 48773.2150710000 0.0623628369 109469 55600.00000 55600.01082
557 48773.2150710000 0.0623628369 111072 55700.00000 55699.97840
558 48773.2150710000 0.0623628369 112676 55800.00000 55800.00834
559 48773.2150710000 0.0623628369 114279 55900.00000 55899.97592
560 48773.2150710000 0.0623628369 115883 56000.00000 56000.00586
561 48773.2150710000 0.0623628369 117486 56100.00000 56099.97343
562 48773.2150710000 0.0623628369 119090 56200.00000 56200.00337
563 48773.2150710000 0.0623628369 120693 56300.00000 56299.97095
564 48773.2150710000 0.0623628369 122297 56400.00000 56400.00088
565 48773.2150710000 0.0623628369 123900 56500.00000 56499.96846
566 48773.2150710000 0.0623628369 125504 56600.00000 56599.99839
567 48773.2150710000 0.0623628369 127108 56700.00000 56700.02833
568 48773.2150710000 0.0623628369 128711 56800.00000 56799.99590
569 48773.2150710000 0.0623628369 130315 56900.00000 56900.02583
570 48773.2150710000 0.0623628369 131918 57000.00000 56999.99340
571 48773.2150710000 0.0623628369 133522 57100.00000 57100.02333
572 48773.2150710000 0.0623628369 135125 57200.00000 57199.99090
573 48773.2150710000 0.0623628369 136729 57300.00000 57300.02083
574 48773.2150710000 0.0623628369 138332 57400.00000 57399.98840
575 48773.2150710000 0.0623628369 139936 57500.00000 57500.01833
576 48773.2150710000 0.0623628369 141539 57600.00000 57599.98590
577 48773.2150710000 0.0623628369 143143 57700.00000 57700.01582
578 48773.2150710000 0.0623628369 144746 57800.00000 57799.98339
579 48773.2150710000 0.0623628369 146350 57900.00000 57900.01331
580 48773.2150710000 0.0623628369 147953 58000.00000 57999.98088
581 48773.2150710000 0.0623628369 149557 58100.00000 58100.01080
582 48773.2150710000 0.0623628369 151160 58200.00000 58199.97836
583 48773.2150710000 0.0623628369 152764 58300.00000 58300.00829
584 48773.2150710000 0.0623628369 154367 58400.00000 58399.97585
585 48773.2150710000 0.0623628369 155971 58500.00000 58500.00577
586 48773.2150710000 0.0623628369 157574 58600.00000 58599.97333
587 48773.2150710000 0.0623628369 159178 58700.00000 58700.00325
588 48773.2150710000 0.0623628369 160781 58800.00000 58799.97081
589 48773.2150710000 0.0623628369 162385 58900.00000 58900.00072
590 48773.2150710000 0.0623628369 163988 59000.00000 58999.96828
591 48773.2150710000 0.0623628369 165592 59100.00000 59099.99820
592 48773.2150710000 0.0623628369 167195 59200.00000 59199.96575
593 48773.2150710000 0.0623628369 168799 59300.00000 59299.99567
594 48773.2150710000 0.0623628369 170403 59400.00000 59400.02559
595 48773.2150710000 0.0623628369 172006 59500.00000 59499.99314
596 48773.2150710000 0.0623628369 173610 59600.00000 59600.02305
597 48773.2150710000 0.0623628369 175213 59700.00000 59699.99060
598 48773.2150710000 0.0623628369 176817 59800.00000 59800.02052
599 48773.2150710000 0.0623628369 178420 59900.00000 59899.98806
600 48773.2150710000 0.0623628369 180024 60000.00000 60000.01798
601 48773.2150710000 0.0623628369 181627 60100.00000 60099.98552
602 48773.2150710000 0.0623628369 183231 60200.00000 60200.01543
603 48773.2150710000 0.0623628369 184834 60300.00000 60299.98298
604 48773.2150710000 0.0623628369 186438 60400.00000 60400.01289
605 48773.2150710000 0.0623628369 188041 60500.00000 60499.98044
606 48773.2150710000 0.0623628369 189645 60600.00000 60600.01034
607 48773.2150710000 0.0623628369 191248 60700.00000 60699.97789
608 48773.2150710000 0.0623628369 192852 60800.00000 60800.00779
609 48773.2150710000 0.0623628369 194455 60900.00000 60899.97533
610 48773.2150710000 0.0623628369 196059 61000.00000 61000.00524
611 48773.2150710000 0.0623628369 197662 61100.00000 61099.97278
612 48773.2150710000 0.0623628369 199266 61200.00000 61200.00268
613 48773.2150710000 0.0623628369 200869 61300.00000 61299.97022
614 48773.2150710000 0.0623628369 202473 61400.00000 61400.00012
615 48773.2150710000 0.0623628369 204076 61500.00000 61499.96766
616 48773.2150710000 0.0623628369 205680 61600.00000 61599.99756
617 48773.2150710000 0.0623628369 207283 61700.00000 61699.96510
618 48773.2150710000 0.0623628369 208887 61800.00000 61799.99500
619 48773.2150710000 0.0623628369 210491 61900.00000 61900.02490
620 48773.2150710000 0.0623628369 212094 62000.00000 61999.99243
621 48773.2150710000 0.0623628369 213698 62100.00000 62100.02233
622 48773.2150710000 0.0623628369 215301 62200.00000 62199.98986
623 48773.2150710000 0.0623628369 216905 62300.00000 62300.01976
624 48773.2150710000 0.0623628369 218508 62400.00000 62399.98729
625 48773.2150710000 0.0623628369 220112 62500.00000 62500.01718
626 48773.2150710000 0.0623628369 221715 62600.00000 62599.98471
627 48773.2150710000 0.0623628369 223319 62700.00000 62700.01460
628 48773.2150710000 0.0623628369 224922 62800.00000 62799.98213
629 48773.2150710000 0.0623628369 226526 62900.00000 62900.01202
630 48773.2150710000 0.0623628369 228129 63000.00000 62999.97955
631 48773.2150710000 0.0623628369 229733 63100.00000 63100.00944
632 48773.2150710000 0.0623628369 231336 63200.00000 63199.97697
633 48773.2150710000 0.0623628369 232940 63300.00000 63300.00686
634 48773.2150710000 0.0623628369 234543 63400.00000 63399.97438
635 48773.2150710000 0.0623628369 236147 63500.00000 63500.00427
636 48773.2150710000 0.0623628369 237750 63600.00000 63599.97179
637 48773.2150710000 0.0623628369 239354 63700.00000 63700.00168
638 48773.2150710000 0.0623628369 240957 63800.00000 63799.96920
639 48773.2150710000 0.0623628369 242561 63900.00000 63899.99908
640 48773.2150710000 0.0623628369 244164 64000.00000 63999.96660
641 48773.2150710000 0.0623628369 245768 64100.00000 64099.99649
642 48773.2150710000 0.0623628369 247371 64200.00000 64199.96400
643 48773.2150710000 0.0623628369 248975 64300.00000 64299.99389
644 48773.2150710000 0.0623628369 250578 64400.00000 64399.96140
645 48773.2150710000 0.0623628369 252182 64500.00000 64499.99128
646 48773.2150710000 0.0623628369 253786 64600.00000 64600.02116
647 48773.2150710000 0.0623628369 255389 64700.00000 64699.98868
648 48773.2150710000 0.0623628369 256993 64800.00000 64800.01856
649 48773.2150710000 0.0623628369 258596 64900.00000 64899.98607
650 48773.2150710000 0.0623628369 260200 65000.00000 65000.01595
651 48773.2150710000 0.0623628369 261803 65100.00000 65099.98346
652 48773.2150710000 0.0623628369 263407 65200.00000 65200.01333
653 48773.2150710000 0.0623628369 265010 65300.00000 65299.98085
654 48773.2150710000 0.0623628369 266614 65400.00000 65400.01072
655 48773.2150710000 0.0623628369 268217 65500.00000 65499.97823
656 48773.2150710000 0.0623628369 269821 65600.00000 65600.00810
657 48773.2150710000 0.0623628369 271424 65700.00000 65699.97561
658 48773.2150710000 0.0623628369 273028 65800.00000 65800.00548
659 48773.2150710000 0.0623628369 274631 65900.00000 65899.97299
660 48773.2150710000 0.0623628369 276235 66000.00000 66000.00286
661 48773.2150710000 0.0623628369 277838 66100.00000 66099.97036
662 48773.2150710000 0.0623628369 279442 66200.00000 66200.00023
663 48773.2150710000 0.0623628369 281045 66300.00000 66299.96773
664 48773.2150710000 0.0623628369 282649 66400.00000 66399.99760
665 48773.2150710000 0.0623628369 284252 66500.00000 66499.96510
666 48773.2150710000 0.0623628369 285856 66600.00000 66599.99497
667 48773.2150710000 0.0623628369 287459 66700.00000 66699.96247
668 48773.2150710000 0.0623628369 289063 66800.00000 66799.99233
669 48773.2150710000 0.0623628369 290666 66900.00000 66899.95983
670 48773.2150710000 0.0623628369 292270 67000.00000 66999.98969
671 48773.2150710000 0.0623628369 293873 67100.00000 67099.95719
672 48773.2150710000 0.0623628369 295477 67200.00000 67199.98705
673 48773.2150710000 0.0623628369 297081 67300.00000 67300.01691
674 48773.2150710000 0.0623628369 298684 67400.00000 67399.98441
675 48773.2150710000 0.0623628369 300288 67500.00000 67500.01427
676 48773.2150710000 0.0623628369 301891 67600.00000 67599.98176
677 48773.2150710000 0.0623628369 303495 67700.00000 67700.01162
678 48773.2150710000 0.0623628369 305098 67800.00000 67799.97912
679 48773.2150710000 0.0623628369 306702 67900.00000 67900.00897
680 48773.2150710000 0.0623628369 308305 68000.00000 67999.97646
681 48773.2150710000 0.0623628369 309909 68100.00000 68100.00632
682 48773.2150710000 0.0623628369 311512 68200.00000 68199.97381
683 48773.2150710000 0.0623628369 313116 68300.00000 68300.00366
684 48773.2150710000 0.0623628369 314719 68400.00000 68399.97115
685 48773.2150710000 0.0623628369 316323 68500.00000 68500.00100
686 48773.2150710000 0.0623628369 317926 68600.00000 68599.96849
687 48773.2150710000 0.0623628369 319530 68700.00000 68699.99834
688 48773.2150710000 0.0623628369 321133 68800.00000 68799.96583
689 48773.2150710000 0.0623628369 322737 68900.00000 68899.99568
690 48773.2150710000 0.0623628369 324340 69000.00000 68999.96316
691 48773.2150710000 0.0623628369 325944 69100.00000 69099.99301
692 48773.2150710000 0.0623628369 327547 69200.00000 69199.96049
693 48773.2150710000 0.0623628369 329151 69300.00000 69299.99034
694 48773.2150710000 0.0623628369 330754 69400.00000 69399.95782
695 48773.2150710000 0.0623628369 332358 69500.00000 69499.98767
696 48773.2150710000 0.0623628369 333961 69600.00000 69599.95515
697 48773.2150710000 0.0623628369 335565 69700.00000 69699.98499
698 48773.2150710000 0.0623628369 337169 69800.00000 69800.01483
699 48773.2150710000 0.0623628369 338772 69900.00000 69899.98231
