300 30000.00 48773.2150710000 0.0623628369 -301032 29999.60682
301 30100.00 48773.2150710000 0.0623628369 -299429 30099.57868
302 30200.00 48773.2150710000 0.0623628369 -297825 30199.61289
303 30300.00 48773.2150710000 0.0623628369 -296222 30299.58471
304 30400.00 48773.2150710000 0.0623628369 -294618 30399.61887
305 30500.00 48773.2150710000 0.0623628369 -293014 30499.65300
306 30600.00 48773.2150710000 0.0623628369 -291411 30599.62475
307 30700.00 48773.2150710000 0.0623628369 -289807 30699.65885
308 30800.00 48773.2150710000 0.0623628369 -288204 30799.63055
309 30900.00 48773.2150710000 0.0623628369 -286600 30899.66460
310 31000.00 48773.2150710000 0.0623628369 -284997 30999.63626
311 31100.00 48773.2150710000 0.0623628369 -283393 31099.67026
312 31200.00 48773.2150710000 0.0623628369 -281790 31199.64187
313 31300.00 48773.2150710000 0.0623628369 -280186 31299.67583
314 31400.00 48773.2150710000 0.0623628369 -278583 31399.64740
315 31500.00 48773.2150710000 0.0623628369 -276979 31499.68131
316 31600.00 48773.2150710000 0.0623628369 -275376 31599.65283
317 31700.00 48773.2150710000 0.0623628369 -273772 31699.68670
318 31800.00 48773.2150710000 0.0623628369 -272169 31799.65818
319 31900.00 48773.2150710000 0.0623628369 -270565 31899.69200
320 32000.00 48773.2150710000 0.0623628369 -268962 31999.66343
321 32100.00 48773.2150710000 0.0623628369 -267358 32099.69721
322 32200.00 48773.2150710000 0.0623628369 -265755 32199.66859
323 32300.00 48773.2150710000 0.0623628369 -264151 32299.70233
324 32400.00 48773.2150710000 0.0623628369 -262548 32399.67367
325 32500.00 48773.2150710000 0.0623628369 -260944 32499.70735
326 32600.00 48773.2150710000 0.0623628369 -259341 32599.67865
327 32700.00 48773.2150710000 0.0623628369 -257737 32699.71229
328 32800.00 48773.2150710000 0.0623628369 -256134 32799.68354
329 32900.00 48773.2150710000 0.0623628369 -254530 32899.71714
330 33000.00 48773.2150710000 0.0623628369 -252927 32999.68834
331 33100.00 48773.2150710000 0.0623628369 -251323 33099.72189
332 33200.00 48773.2150710000 0.0623628369 -249719 33199.75542
333 33300.00 48773.2150710000 0.0623628369 -248116 33299.72656
334 33400.00 48773.2150710000 0.0623628369 -246512 33399.76004
335 33500.00 48773.2150710000 0.0623628369 -244909 33499.73113
336 33600.00 48773.2150710000 0.0623628369 -243305 33599.76457
337 33700.00 48773.2150710000 0.0623628369 -241702 33699.73562
338 33800.00 48773.2150710000 0.0623628369 -240098 33799.76901
339 33900.00 48773.2150710000 0.0623628369 -238495 33899.74001
340 34000.00 48773.2150710000 0.0623628369 -236891 33999.77336
341 34100.00 48773.2150710000 0.0623628369 -235288 34099.74431
342 34200.00 48773.2150710000 0.0623628369 -233684 34199.77761
343 34300.00 48773.2150710000 0.0623628369 -232081 34299.74853
344 34400.00 48773.2150710000 0.0623628369 -230477 34399.78178
345 34500.00 48773.2150710000 0.0623628369 -228874 34499.75265
346 34600.00 48773.2150710000 0.0623628369 -227270 34599.78586
347 34700.00 48773.2150710000 0.0623628369 -225667 34699.75668
348 34800.00 48773.2150710000 0.0623628369 -224063 34799.78985
349 34900.00 48773.2150710000 0.0623628369 -222460 34899.76062
350 35000.00 48773.2150710000 0.0623628369 -220856 34999.79374
351 35100.00 48773.2150710000 0.0623628369 -219253 35099.76447
352 35200.00 48773.2150710000 0.0623628369 -217649 35199.79755
353 35300.00 48773.2150710000 0.0623628369 -216046 35299.76823
354 35400.00 48773.2150710000 0.0623628369 -214442 35399.80126
355 35500.00 48773.2150710000 0.0623628369 -212839 35499.77190
356 35600.00 48773.2150710000 0.0623628369 -211235 35599.80489
357 35700.00 48773.2150710000 0.0623628369 -209632 35699.77548
358 35800.00 48773.2150710000 0.0623628369 -208028 35799.80842
359 35900.00 48773.2150710000 0.0623628369 -206424 35899.84134
360 36000.00 48773.2150710000 0.0623628369 -204821 35999.81187
361 36100.00 48773.2150710000 0.0623628369 -203217 36099.84474
362 36200.00 48773.2150710000 0.0623628369 -201614 36199.81522
363 36300.00 48773.2150710000 0.0623628369 -200010 36299.84804
364 36400.00 48773.2150710000 0.0623628369 -198407 36399.81848
365 36500.00 48773.2150710000 0.0623628369 -196803 36499.85126
366 36600.00 48773.2150710000 0.0623628369 -195200 36599.82165
367 36700.00 48773.2150710000 0.0623628369 -193596 36699.85439
368 36800.00 48773.2150710000 0.0623628369 -191993 36799.82473
369 36900.00 48773.2150710000 0.0623628369 -190389 36899.85742
370 37000.00 48773.2150710000 0.0623628369 -188786 36999.82773
371 37100.00 48773.2150710000 0.0623628369 -187182 37099.86037
372 37200.00 48773.2150710000 0.0623628369 -185579 37199.83063
373 37300.00 48773.2150710000 0.0623628369 -183975 37299.86322
374 37400.00 48773.2150710000 0.0623628369 -182372 37399.83344
375 37500.00 48773.2150710000 0.0623628369 -180768 37499.86599
376 37600.00 48773.2150710000 0.0623628369 -179165 37599.83616
377 37700.00 48773.2150710000 0.0623628369 -177561 37699.86866
378 37800.00 48773.2150710000 0.0623628369 -175958 37799.83878
379 37900.00 48773.2150710000 0.0623628369 -174354 37899.87125
380 38000.00 48773.2150710000 0.0623628369 -172751 37999.84132
381 38100.00 48773.2150710000 0.0623628369 -171147 38099.87374
382 38200.00 48773.2150710000 0.0623628369 -169544 38199.84377
383 38300.00 48773.2150710000 0.0623628369 -167940 38299.87614
384 38400.00 48773.2150710000 0.0623628369 -166336 38399.90849
385 38500.00 48773.2150710000 0.0623628369 -164733 38499.87846
386 38600.00 48773.2150710000 0.0623628369 -163129 38599.91076
387 38700.00 48773.2150710000 0.0623628369 -161526 38699.88068
388 38800.00 48773.2150710000 0.0623628369 -159922 38799.91294
389 38900.00 48773.2150710000 0.0623628369 -158319 38899.88281
390 39000.00 48773.2150710000 0.0623628369 -156715 38999.91502
391 39100.00 48773.2150710000 0.0623628369 -155112 39099.88485
392 39200.00 48773.2150710000 0.0623628369 -153508 39199.91702
393 39300.00 48773.2150710000 0.0623628369 -151905 39299.88680
394 39400.00 48773.2150710000 0.0623628369 -150301 39399.91892
395 39500.00 48773.2150710000 0.0623628369 -148698 39499.88866
396 39600.00 48773.2150710000 0.0623628369 -147094 39599.92074
397 39700.00 48773.2150710000 0.0623628369 -145491 39699.89043
398 39800.00 48773.2150710000 0.0623628369 -143887 39799.92246
399 39900.00 48773.2150710000 0.0623628369 -142284 39899.89211
400 40000.00 48773.2150710000 0.0623628369 -140680 39999.92409
401 40100.00 48773.2150710000 0.0623628369 -139077 40099.89370
402 40200.00 48773.2150710000 0.0623628369 -137473 40199.92564
403 40300.00 48773.2150710000 0.0623628369 -135870 40299.89519
404 40400.00 48773.2150710000 0.0623628369 -134266 40399.92709
405 40500.00 48773.2150710000 0.0623628369 -132663 40499.89660
406 40600.00 48773.2150710000 0.0623628369 -131059 40599.92845
407 40700.00 48773.2150710000 0.0623628369 -129456 40699.89792
408 40800.00 48773.2150710000 0.0623628369 -127852 40799.92972
409 40900.00 48773.2150710000 0.0623628369 -126249 40899.89914
410 41000.00 48773.2150710000 0.0623628369 -124645 40999.93090
411 41100.00 48773.2150710000 0.0623628369 -123041 41099.96264
412 41200.00 48773.2150710000 0.0623628369 -121438 41199.93199
413 41300.00 48773.2150710000 0.0623628369 -119834 41299.96369
414 41400.00 48773.2150710000 0.0623628369 -118231 41399.93299
415 41500.00 48773.2150710000 0.0623628369 -116627 41499.96464
416 41600.00 48773.2150710000 0.0623628369 -115024 41599.93390
417 41700.00 48773.2150710000 0.0623628369 -113420 41699.96551
418 41800.00 48773.2150710000 0.0623628369 -111817 41799.93472
419 41900.00 48773.2150710000 0.0623628369 -110213 41899.96628
420 42000.00 48773.2150710000 0.0623628369 -108610 41999.93545
421 42100.00 48773.2150710000 0.0623628369 -107006 42099.96696
422 42200.00 48773.2150710000 0.0623628369 -105403 42199.93609
423 42300.00 48773.2150710000 0.0623628369 -103799 42299.96756
424 42400.00 48773.2150710000 0.0623628369 -102196 42399.93664
425 42500.00 48773.2150710000 0.0623628369 -100592 42499.96806
426 42600.00 48773.2150710000 0.0623628369 -98989 42599.93709
427 42700.00 48773.2150710000 0.0623628369 -97385 42699.96847
428 42800.00 48773.2150710000 0.0623628369 -95782 42799.93746
429 42900.00 48773.2150710000 0.0623628369 -94178 42899.96879
430 43000.00 48773.2150710000 0.0623628369 -92575 42999.93774
431 43100.00 48773.2150710000 0.0623628369 -90971 43099.96902
432 43200.00 48773.2150710000 0.0623628369 -89368 43199.93792
433 43300.00 48773.2150710000 0.0623628369 -87764 43299.96916
434 43400.00 48773.2150710000 0.0623628369 -86161 43399.93802
435 43500.00 48773.2150710000 0.0623628369 -84557 43499.96921
436 43600.00 48773.2150710000 0.0623628369 -82953 43600.00038
437 43700.00 48773.2150710000 0.0623628369 -81350 43699.96917
438 43800.00 48773.2150710000 0.0623628369 -79746 43800.00030
439 43900.00 48773.2150710000 0.0623628369 -78143 43899.96904
440 44000.00 48773.2150710000 0.0623628369 -76539 44000.00012
441 44100.00 48773.2150710000 0.0623628369 -74936 44099.96882
442 44200.00 48773.2150710000 0.0623628369 -73332 44199.99985
443 44300.00 48773.2150710000 0.0623628369 -71729 44299.96850
444 44400.00 48773.2150710000 0.0623628369 -70125 44399.99950
445 44500.00 48773.2150710000 0.0623628369 -68522 44499.96810
446 44600.00 48773.2150710000 0.0623628369 -66918 44599.99905
447 44700.00 48773.2150710000 0.0623628369 -65315 44699.96761
448 44800.00 48773.2150710000 0.0623628369 -63711 44799.99851
449 44900.00 48773.2150710000 0.0623628369 -62108 44899.96702
450 45000.00 48773.2150710000 0.0623628369 -60504 44999.99788
451 45100.00 48773.2150710000 0.0623628369 -58901 45099.96635
452 45200.00 48773.2150710000 0.0623628369 -57297 45199.99716
453 45300.00 48773.2150710000 0.0623628369 -55694 45299.96558
454 45400.00 48773.2150710000 0.0623628369 -54090 45399.99635
455 45500.00 48773.2150710000 0.0623628369 -52487 45499.96473
456 45600.00 48773.2150710000 0.0623628369 -50883 45599.99545
457 45700.00 48773.2150710000 0.0623628369 -49280 45699.96378
458 45800.00 48773.2150710000 0.0623628369 -47676 45799.99446
459 45900.00 48773.2150710000 0.0623628369 -46073 45899.96275
460 46000.00 48773.2150710000 0.0623628369 -44469 45999.99338
461 46100.00 48773.2150710000 0.0623628369 -42866 46099.96162
462 46200.00 48773.2150710000 0.0623628369 -41262 46199.99220
463 46300.00 48773.2150710000 0.0623628369 -39658 46300.02276
464 46400.00 48773.2150710000 0.0623628369 -38055 46399.99094
465 46500.00 48773.2150710000 0.0623628369 -36451 46500.02146
466 46600.00 48773.2150710000 0.0623628369 -34848 46599.98959
467 46700.00 48773.2150710000 0.0623628369 -33244 46700.02006
468 46800.00 48773.2150710000 0.0623628369 -31641 46799.98814
469 46900.00 48773.2150710000 0.0623628369 -30037 46900.01857
470 47000.00 48773.2150710000 0.0623628369 -28434 46999.98661
471 47100.00 48773.2150710000 0.0623628369 -26830 47100.01699
472 47200.00 48773.2150710000 0.0623628369 -25227 47199.98498
473 47300.00 48773.2150710000 0.0623628369 -23623 47300.01532
474 47400.00 48773.2150710000 0.0623628369 -22020 47399.98327
475 47500.00 48773.2150710000 0.0623628369 -20416 47500.01356
476 47600.00 48773.2150710000 0.0623628369 -18813 47599.98146
477 47700.00 48773.2150710000 0.0623628369 -17209 47700.01171
478 47800.00 48773.2150710000 0.0623628369 -15606 47799.97957
479 47900.00 48773.2150710000 0.0623628369 -14002 47900.00977
480 48000.00 48773.2150710000 0.0623628369 -12399 47999.97758
481 48100.00 48773.2150710000 0.0623628369 -10795 48100.00773
482 48200.00 48773.2150710000 0.0623628369 -9192 48199.97550
483 48300.00 48773.2150710000 0.0623628369 -7588 48300.00561
484 48400.00 48773.2150710000 0.0623628369 -5985 48399.97333
485 48500.00 48773.2150710000 0.0623628369 -4381 48500.00340
486 48600.00 48773.2150710000 0.0623628369 -2778 48599.97108
487 48700.00 48773.2150710000 0.0623628369 -1174 48700.00109
488 48800.00 48773.2150710000 0.0623628369 430 48800.03109
489 48900.00 48773.2150710000 0.0623628369 2033 48899.99870
490 49000.00 48773.2150710000 0.0623628369 3637 49000.02865
491 49100.00 48773.2150710000 0.0623628369 5240 49099.99622
492 49200.00 48773.2150710000 0.0623628369 6844 49200.02612
493 49300.00 48773.2150710000 0.0623628369 8447 49299.99364
494 49400.00 48773.2150710000 0.0623628369 10051 49400.02350
495 49500.00 48773.2150710000 0.0623628369 11654 49499.99097
496 49600.00 48773.2150710000 0.0623628369 13258 49600.02079
497 49700.00 48773.2150710000 0.0623628369 14861 49699.98822
498 49800.00 48773.2150710000 0.0623628369 16465 49800.01799
499 49900.00 48773.2150710000 0.0623628369 18068 49899.98537
500 50000.00 48773.2150710000 0.0623628369 19672 50000.01510
501 50100.00 48773.2150710000 0.0623628369 21275 50099.98243
502 50200.00 48773.2150710000 0.0623628369 22879 50200.01211
503 50300.00 48773.2150710000 0.0623628369 24482 50299.97941
504 50400.00 48773.2150710000 0.0623628369 26086 50400.00904
505 50500.00 48773.2150710000 0.0623628369 27689 50499.97629
506 50600.00 48773.2150710000 0.0623628369 29293 50600.00588
507 50700.00 48773.2150710000 0.0623628369 30896 50699.97308
508 50800.00 48773.2150710000 0.0623628369 32500 50800.00262
509 50900.00 48773.2150710000 0.0623628369 34103 50899.96978
510 51000.00 48773.2150710000 0.0623628369 35707 50999.99928
511 51100.00 48773.2150710000 0.0623628369 37310 51099.96639
512 51200.00 48773.2150710000 0.0623628369 38914 51199.99584
513 51300.00 48773.2150710000 0.0623628369 40517 51299.96291
514 51400.00 48773.2150710000 0.0623628369 42121 51399.99232
515 51500.00 48773.2150710000 0.0623628369 43725 51500.02170
516 51600.00 48773.2150710000 0.0623628369 45328 51599.98870
517 51700.00 48773.2150710000 0.0623628369 46932 51700.01804
518 51800.00 48773.2150710000 0.0623628369 48535 51799.98500
519 51900.00 48773.2150710000 0.0623628369 50139 51900.01429
520 52000.00 48773.2150710000 0.0623628369 51742 51999.98120
521 52100.00 48773.2150710000 0.0623628369 53346 52100.01045
522 52200.00 48773.2150710000 0.0623628369 54949 52199.97731
523 52300.00 48773.2150710000 0.0623628369 56553 52300.00651
524 52400.00 48773.2150710000 0.0623628369 58156 52399.97333
525 52500.00 48773.2150710000 0.0623628369 59760 52500.00249
526 52600.00 48773.2150710000 0.0623628369 61363 52599.96926
527 52700.00 48773.2150710000 0.0623628369 62967 52699.99838
528 52800.00 48773.2150710000 0.0623628369 64570 52799.96511
529 52900.00 48773.2150710000 0.0623628369 66174 52899.99417
530 53000.00 48773.2150710000 0.0623628369 67777 52999.96086
531 53100.00 48773.2150710000 0.0623628369 69381 53099.98988
532 53200.00 48773.2150710000 0.0623628369 70984 53199.95652
533 53300.00 48773.2150710000 0.0623628369 72588 53299.98549
534 53400.00 48773.2150710000 0.0623628369 74191 53399.95209
535 53500.00 48773.2150710000 0.0623628369 75795 53499.98102
536 53600.00 48773.2150710000 0.0623628369 77398 53599.94756
537 53700.00 48773.2150710000 0.0623628369 79002 53699.97645
538 53800.00 48773.2150710000 0.0623628369 80605 53799.94295
539 53900.00 48773.2150710000 0.0623628369 82209 53899.97179
540 54000.00 48773.2150710000 0.0623628369 83812 53999.93825
541 54100.00 48773.2150710000 0.0623628369 85416 54099.96705
542 54200.00 48773.2150710000 0.0623628369 87020 54199.99582
543 54300.00 48773.2150710000 0.0623628369 88623 54299.96221
544 54400.00 48773.2150710000 0.0623628369 90227 54399.99094
545 54500.00 48773.2150710000 0.0623628369 91830 54499.95728
546 54600.00 48773.2150710000 0.0623628369 93434 54599.98596
547 54700.00 48773.2150710000 0.0623628369 95037 54699.95226
548 54800.00 48773.2150710000 0.0623628369 96641 54799.98090
549 54900.00 48773.2150710000 0.0623628369 98244 54899.94715
550 55000.00 48773.2150710000 0.0623628369 99848 54999.97574
551 55100.00 48773.2150710000 0.0623628369 101451 55099.94195
552 55200.00 48773.2150710000 0.0623628369 103055 55199.97050
553 55300.00 48773.2150710000 0.0623628369 104658 55299.93666
554 55400.00 48773.2150710000 0.0623628369 106262 55399.96516
555 55500.00 48773.2150710000 0.0623628369 107865 55499.93128
556 55600.00 48773.2150710000 0.0623628369 109469 55599.95974
557 55700.00 48773.2150710000 0.0623628369 111072 55699.92581
558 55800.00 48773.2150710000 0.0623628369 112676 55799.95422
559 55900.00 48773.2150710000 0.0623628369 114279 55899.92025
560 56000.00 48773.2150710000 0.0623628369 115883 55999.94861
561 56100.00 48773.2150710000 0.0623628369 117486 56099.91460
562 56200.00 48773.2150710000 0.0623628369 119090 56199.94292
563 56300.00 48773.2150710000 0.0623628369 120693 56299.90885
564 56400.00 48773.2150710000 0.0623628369 122297 56399.93713
565 56500.00 48773.2150710000 0.0623628369 123900 56499.90302
566 56600.00 48773.2150710000 0.0623628369 125504 56599.93125
567 56700.00 48773.2150710000 0.0623628369 127108 56699.95946
568 56800.00 48773.2150710000 0.0623628369 128711 56799.92528
569 56900.00 48773.2150710000 0.0623628369 130315 56899.95344
570 57000.00 48773.2150710000 0.0623628369 131918 56999.91922
571 57100.00 48773.2150710000 0.0623628369 133522 57099.94734
572 57200.00 48773.2150710000 0.0623628369 135125 57199.91307
573 57300.00 48773.2150710000 0.0623628369 136729 57299.94114
574 57400.00 48773.2150710000 0.0623628369 138332 57399.90683
575 57500.00 48773.2150710000 0.0623628369 139936 57499.93486
576 57600.00 48773.2150710000 0.0623628369 141539 57599.90050
577 57700.00 48773.2150710000 0.0623628369 143143 57699.92848
578 57800.00 48773.2150710000 0.0623628369 144746 57799.89408
579 57900.00 48773.2150710000 0.0623628369 146350 57899.92201
580 58000.00 48773.2150710000 0.0623628369 147953 57999.88756
581 58100.00 48773.2150710000 0.0623628369 149557 58099.91545
582 58200.00 48773.2150710000 0.0623628369 151160 58199.88096
583 58300.00 48773.2150710000 0.0623628369 152764 58299.90881
584 58400.00 48773.2150710000 0.0623628369 154367 58399.87427
585 58500.00 48773.2150710000 0.0623628369 155971 58499.90207
586 58600.00 48773.2150710000 0.0623628369 157574 58599.86748
587 58700.00 48773.2150710000 0.0623628369 159178 58699.89524
588 58800.00 48773.2150710000 0.0623628369 160781 58799.86061
589 58900.00 48773.2150710000 0.0623628369 162385 58899.88832
590 59000.00 48773.2150710000 0.0623628369 163988 58999.85365
591 59100.00 48773.2150710000 0.0623628369 165592 59099.88131
592 59200.00 48773.2150710000 0.0623628369 167195 59199.84659
593 59300.00 48773.2150710000 0.0623628369 168799 59299.87421
594 59400.00 48773.2150710000 0.0623628369 170403 59399.90181
595 59500.00 48773.2150710000 0.0623628369 172006 59499.86702
596 59600.00 48773.2150710000 0.0623628369 173610 59599.89457
597 59700.00 48773.2150710000 0.0623628369 175213 59699.85974
598 59800.00 48773.2150710000 0.0623628369 176817 59799.88724
599 59900.00 48773.2150710000 0.0623628369 178420 59899.85236
600 60000.00 48773.2150710000 0.0623628369 180024 59999.87982
601 60100.00 48773.2150710000 0.0623628369 181627 60099.84490
602 60200.00 48773.2150710000 0.0623628369 183231 60199.87232
603 60300.00 48773.2150710000 0.0623628369 184834 60299.83735
604 60400.00 48773.2150710000 0.0623628369 186438 60399.86472
605 60500.00 48773.2150710000 0.0623628369 188041 60499.82970
606 60600.00 48773.2150710000 0.0623628369 189645 60599.85703
607 60700.00 48773.2150710000 0.0623628369 191248 60699.82197
608 60800.00 48773.2150710000 0.0623628369 192852 60799.84925
609 60900.00 48773.2150710000 0.0623628369 194455 60899.81415
610 61000.00 48773.2150710000 0.0623628369 196059 60999.84138
611 61100.00 48773.2150710000 0.0623628369 197662 61099.80623
612 61200.00 48773.2150710000 0.0623628369 199266 61199.83342
613 61300.00 48773.2150710000 0.0623628369 200869 61299.79823
614 61400.00 48773.2150710000 0.0623628369 202473 61399.82537
615 61500.00 48773.2150710000 0.0623628369 204076 61499.79013
616 61600.00 48773.2150710000 0.0623628369 205680 61599.81723
617 61700.00 48773.2150710000 0.0623628369 207283 61699.78194
618 61800.00 48773.2150710000 0.0623628369 208887 61799.80900
619 61900.00 48773.2150710000 0.0623628369 210491 61899.83603
620 62000.00 48773.2150710000 0.0623628369 212094 61999.80067
621 62100.00 48773.2150710000 0.0623628369 213698 62099.82766
622 62200.00 48773.2150710000 0.0623628369 215301 62199.79226
623 62300.00 48773.2150710000 0.0623628369 216905 62299.81920
624 62400.00 48773.2150710000 0.0623628369 218508 62399.78376
625 62500.00 48773.2150710000 0.0623628369 220112 62499.81065
626 62600.00 48773.2150710000 0.0623628369 221715 62599.77516
627 62700.00 48773.2150710000 0.0623628369 223319 62699.80201
628 62800.00 48773.2150710000 0.0623628369 224922 62799.76648
629 62900.00 48773.2150710000 0.0623628369 226526 62899.79328
630 63000.00 48773.2150710000 0.0623628369 228129 62999.75770
631 63100.00 48773.2150710000 0.0623628369 229733 63099.78446
632 63200.00 48773.2150710000 0.0623628369 231336 63199.74884
633 63300.00 48773.2150710000 0.0623628369 232940 63299.77555
634 63400.00 48773.2150710000 0.0623628369 234543 63399.73988
635 63500.00 48773.2150710000 0.0623628369 236147 63499.76655
636 63600.00 48773.2150710000 0.0623628369 237750 63599.73084
637 63700.00 48773.2150710000 0.0623628369 239354 63699.75746
638 63800.00 48773.2150710000 0.0623628369 240957 63799.72170
639 63900.00 48773.2150710000 0.0623628369 242561 63899.74828
640 64000.00 48773.2150710000 0.0623628369 244164 63999.71247
641 64100.00 48773.2150710000 0.0623628369 245768 64099.73900
642 64200.00 48773.2150710000 0.0623628369 247371 64199.70315
643 64300.00 48773.2150710000 0.0623628369 248975 64299.72964
644 64400.00 48773.2150710000 0.0623628369 250578 64399.69375
645 64500.00 48773.2150710000 0.0623628369 252182 64499.72019
646 64600.00 48773.2150710000 0.0623628369 253786 64599.74661
647 64700.00 48773.2150710000 0.0623628369 255389 64699.71064
648 64800.00 48773.2150710000 0.0623628369 256993 64799.73702
649 64900.00 48773.2150710000 0.0623628369 258596 64899.70101
650 65000.00 48773.2150710000 0.0623628369 260200 64999.72734
651 65100.00 48773.2150710000 0.0623628369 261803 65099.69128
652 65200.00 48773.2150710000 0.0623628369 263407 65199.71757
653 65300.00 48773.2150710000 0.0623628369 265010 65299.68147
654 65400.00 48773.2150710000 0.0623628369 266614 65399.70771
655 65500.00 48773.2150710000 0.0623628369 268217 65499.67156
656 65600.00 48773.2150710000 0.0623628369 269821 65599.69775
657 65700.00 48773.2150710000 0.0623628369 271424 65699.66156
658 65800.00 48773.2150710000 0.0623628369 273028 65799.68771
659 65900.00 48773.2150710000 0.0623628369 274631 65899.65148
660 66000.00 48773.2150710000 0.0623628369 276235 65999.67758
661 66100.00 48773.2150710000 0.0623628369 277838 66099.64130
662 66200.00 48773.2150710000 0.0623628369 279442 66199.66736
663 66300.00 48773.2150710000 0.0623628369 281045 66299.63103
664 66400.00 48773.2150710000 0.0623628369 282649 66399.65704
665 66500.00 48773.2150710000 0.0623628369 284252 66499.62067
666 66600.00 48773.2150710000 0.0623628369 285856 66599.64664
667 66700.00 48773.2150710000 0.0623628369 287459 66699.61022
668 66800.00 48773.2150710000 0.0623628369 289063 66799.63614
669 66900.00 48773.2150710000 0.0623628369 290666 66899.59968
670 67000.00 48773.2150710000 0.0623628369 292270 66999.62556
671 67100.00 48773.2150710000 0.0623628369 293873 67099.58905
672 67200.00 48773.2150710000 0.0623628369 295477 67199.61488
673 67300.00 48773.2150710000 0.0623628369 297081 67299.64069
674 67400.00 48773.2150710000 0.0623628369 298684 67399.60412
675 67500.00 48773.2150710000 0.0623628369 300288 67499.62988
676 67600.00 48773.2150710000 0.0623628369 301891 67599.59326
677 67700.00 48773.2150710000 0.0623628369 303495 67699.61898
678 67800.00 48773.2150710000 0.0623628369 305098 67799.58231
679 67900.00 48773.2150710000 0.0623628369 306702 67899.60799
680 68000.00 48773.2150710000 0.0623628369 308305 67999.57128
681 68100.00 48773.2150710000 0.0623628369 309909 68099.59690
682 68200.00 48773.2150710000 0.0623628369 311512 68199.56015
683 68300.00 48773.2150710000 0.0623628369 313116 68299.58573
684 68400.00 48773.2150710000 0.0623628369 314719 68399.54893
685 68500.00 48773.2150710000 0.0623628369 316323 68499.57447
686 68600.00 48773.2150710000 0.0623628369 317926 68599.53762
687 68700.00 48773.2150710000 0.0623628369 319530 68699.56311
688 68800.00 48773.2150710000 0.0623628369 321133 68799.52622
689 68900.00 48773.2150710000 0.0623628369 322737 68899.55167
690 69000.00 48773.2150710000 0.0623628369 324340 68999.51473
691 69100.00 48773.2150710000 0.0623628369 325944 69099.54013
692 69200.00 48773.2150710000 0.0623628369 327547 69199.50315
693 69300.00 48773.2150710000 0.0623628369 329151 69299.52851
694 69400.00 48773.2150710000 0.0623628369 330754 69399.49148
695 69500.00 48773.2150710000 0.0623628369 332358 69499.51679
696 69600.00 48773.2150710000 0.0623628369 333961 69599.47972
697 69700.00 48773.2150710000 0.0623628369 335565 69699.50498
698 69800.00 48773.2150710000 0.0623628369 337169 69799.53022
699 69900.00 48773.2150710000 0.0623628369 338772 69899.49308
